C:\USERS\ERIC\DOCUMENTS\ALGONQUIN\2013F\COMPILERS\ASSIGNMENT 3\ASS3\ASS3\DEBUG\ASS3.EXE.EMBED.MANIFEST
C:\USERS\ERIC\DOCUMENTS\ALGONQUIN\2013F\COMPILERS\ASSIGNMENT 3\ASS3\ASS3\DEBUG\ASS3.EXE.EMBED.MANIFEST.RES
C:\USERS\ERIC\DOCUMENTS\ALGONQUIN\2013F\COMPILERS\ASSIGNMENT 3\ASS3\ASS3\DEBUG\ASS3.EXE.INTERMEDIATE.MANIFEST
C:\Users\Eric\Documents\Algonquin\2013F\Compilers\Assignment 3\ass3\ass3\Debug\ass3.write.1.tlog
C:\Users\Eric\Documents\Algonquin\2013F\Compilers\Assignment 3\ass3\ass3\Debug\ass3_manifest.rc
C:\USERS\ERIC\DOCUMENTS\ALGONQUIN\2013F\COMPILERS\ASSIGNMENT 3\ASS3\ASS3\DEBUG\BUFFER.OBJ
C:\Users\Eric\Documents\Algonquin\2013F\Compilers\Assignment 3\ass3\ass3\Debug\cl.command.1.tlog
C:\Users\Eric\Documents\Algonquin\2013F\Compilers\Assignment 3\ass3\ass3\Debug\CL.read.1.tlog
C:\Users\Eric\Documents\Algonquin\2013F\Compilers\Assignment 3\ass3\ass3\Debug\CL.write.1.tlog
C:\Users\Eric\Documents\Algonquin\2013F\Compilers\Assignment 3\ass3\ass3\Debug\link.9704.read.1.tlog
C:\Users\Eric\Documents\Algonquin\2013F\Compilers\Assignment 3\ass3\ass3\Debug\link.9704.write.1.tlog
C:\Users\Eric\Documents\Algonquin\2013F\Compilers\Assignment 3\ass3\ass3\Debug\link.9704-cvtres.read.1.tlog
C:\Users\Eric\Documents\Algonquin\2013F\Compilers\Assignment 3\ass3\ass3\Debug\link.9704-cvtres.write.1.tlog
C:\Users\Eric\Documents\Algonquin\2013F\Compilers\Assignment 3\ass3\ass3\Debug\link.command.1.tlog
C:\Users\Eric\Documents\Algonquin\2013F\Compilers\Assignment 3\ass3\ass3\Debug\link.read.1.tlog
C:\Users\Eric\Documents\Algonquin\2013F\Compilers\Assignment 3\ass3\ass3\Debug\link.write.1.tlog
C:\Users\Eric\Documents\Algonquin\2013F\Compilers\Assignment 3\ass3\ass3\Debug\link-cvtres.read.1.tlog
C:\Users\Eric\Documents\Algonquin\2013F\Compilers\Assignment 3\ass3\ass3\Debug\link-cvtres.write.1.tlog
C:\Users\Eric\Documents\Algonquin\2013F\Compilers\Assignment 3\ass3\ass3\Debug\mt.command.1.tlog
C:\Users\Eric\Documents\Algonquin\2013F\Compilers\Assignment 3\ass3\ass3\Debug\mt.read.1.tlog
C:\Users\Eric\Documents\Algonquin\2013F\Compilers\Assignment 3\ass3\ass3\Debug\mt.write.1.tlog
C:\USERS\ERIC\DOCUMENTS\ALGONQUIN\2013F\COMPILERS\ASSIGNMENT 3\ASS3\ASS3\DEBUG\PLATY_TT.OBJ
C:\Users\Eric\Documents\Algonquin\2013F\Compilers\Assignment 3\ass3\ass3\Debug\rc.command.1.tlog
C:\Users\Eric\Documents\Algonquin\2013F\Compilers\Assignment 3\ass3\ass3\Debug\rc.read.1.tlog
C:\Users\Eric\Documents\Algonquin\2013F\Compilers\Assignment 3\ass3\ass3\Debug\rc.write.1.tlog
C:\USERS\ERIC\DOCUMENTS\ALGONQUIN\2013F\COMPILERS\ASSIGNMENT 3\ASS3\ASS3\DEBUG\SCANNER.OBJ
C:\USERS\ERIC\DOCUMENTS\ALGONQUIN\2013F\COMPILERS\ASSIGNMENT 3\ASS3\ASS3\DEBUG\STABLE.OBJ
C:\Users\Eric\Documents\Algonquin\2013F\Compilers\Assignment 3\ass3\ass3\Debug\vc100.idb
C:\USERS\ERIC\DOCUMENTS\ALGONQUIN\2013F\COMPILERS\ASSIGNMENT 3\ASS3\ASS3\DEBUG\VC100.PDB
C:\USERS\ERIC\DOCUMENTS\ALGONQUIN\2013F\COMPILERS\ASSIGNMENT 3\ASS3\DEBUG\ASS3.EXE
C:\USERS\ERIC\DOCUMENTS\ALGONQUIN\2013F\COMPILERS\ASSIGNMENT 3\ASS3\DEBUG\ASS3.ILK
C:\USERS\ERIC\DOCUMENTS\ALGONQUIN\2013F\COMPILERS\ASSIGNMENT 3\ASS3\DEBUG\ASS3.PDB
